<?xml version="1.0" encoding="UTF-8"?>
<!-- Generated by org.testng.reporters.JUnitXMLReporter -->
<testsuite ignored="0" hostname="LAPTOP-76UMSG6O" failures="0" tests="5" name="Default test" time="94.749" errors="0" timestamp="2022-03-29T10:42:23 IST">
  <testcase classname="com.example.Search" name="search" time="32.256"/>
  <testcase classname="com.example.Register" name="Reg" time="12.597"/>
  <testcase classname="com.example.Login" name="login" time="6.378"/>
  <testcase classname="com.example.Login" name="login1" time="0.106"/>
  <testcase classname="com.example.AddToCart" name="cart" time="43.175"/>
</testsuite> <!-- Default test -->
