<?xml version="1.0" encoding="UTF-8"?>
<!-- Generated by org.testng.reporters.JUnitXMLReporter -->
<testsuite ignored="0" hostname="LAPTOP-76UMSG6O" failures="0" tests="5" name="Test" time="60.201" errors="0" timestamp="2022-03-29T10:40:11 IST">
  <testcase classname="com.example.Register" name="Reg" time="9.081"/>
  <testcase classname="com.example.Login" name="login" time="6.412"/>
  <testcase classname="com.example.Login" name="login1" time="0.107"/>
  <testcase classname="com.example.Search" name="search" time="27.628"/>
  <testcase classname="com.example.AddToCart" name="cart" time="16.76"/>
</testsuite> <!-- Test -->
